<?xml version="1.0" encoding="UTF-8"?>
<testsuite name="com.study.PostServiceTest" tests="1" skipped="0" failures="0" errors="0" timestamp="2023-04-05T01:00:13" hostname="DESKTOP-7SA440R" time="0.495">
  <properties/>
  <testcase name="save()" classname="com.study.PostServiceTest" time="0.495"/>
  <system-out><![CDATA[10:00:07.315 [Test worker] DEBUG org.springframework.test.context.BootstrapUtils - Instantiating CacheAwareContextLoaderDelegate from class [org.springframework.test.context.cache.DefaultCacheAwareContextLoaderDelegate]
10:00:07.333 [Test worker] DEBUG org.springframework.test.context.BootstrapUtils - Instantiating BootstrapContext using constructor [public org.springframework.test.context.support.DefaultBootstrapContext(java.lang.Class,org.springframework.test.context.CacheAwareContextLoaderDelegate)]
10:00:07.378 [Test worker] DEBUG org.springframework.test.context.BootstrapUtils - Instantiating TestContextBootstrapper for test class [com.study.PostServiceTest] from class [org.springframework.boot.test.context.SpringBootTestContextBootstrapper]
10:00:07.395 [Test worker] INFO org.springframework.boot.test.context.SpringBootTestContextBootstrapper - Neither @ContextConfiguration nor @ContextHierarchy found for test class [com.study.PostServiceTest], using SpringBootContextLoader
10:00:07.401 [Test worker] DEBUG org.springframework.test.context.support.AbstractContextLoader - Did not detect default resource location for test class [com.study.PostServiceTest]: class path resource [com/study/PostServiceTest-context.xml] does not exist
10:00:07.402 [Test worker] DEBUG org.springframework.test.context.support.AbstractContextLoader - Did not detect default resource location for test class [com.study.PostServiceTest]: class path resource [com/study/PostServiceTestContext.groovy] does not exist
10:00:07.402 [Test worker] INFO org.springframework.test.context.support.AbstractContextLoader - Could not detect default resource locations for test class [com.study.PostServiceTest]: no resource found for suffixes {-context.xml, Context.groovy}.
10:00:07.403 [Test worker] INFO org.springframework.test.context.support.AnnotationConfigContextLoaderUtils - Could not detect default configuration classes for test class [com.study.PostServiceTest]: PostServiceTest does not declare any static, non-private, non-final, nested classes annotated with @Configuration.
10:00:07.472 [Test worker] DEBUG org.springframework.test.context.support.ActiveProfilesUtils - Could not find an 'annotation declaring class' for annotation type [org.springframework.test.context.ActiveProfiles] and class [com.study.PostServiceTest]
10:00:07.567 [Test worker] DEBUG org.springframework.context.annotation.ClassPathScanningCandidateComponentProvider - Identified candidate component class: file [C:\develop\workspace\Board\build\classes\java\main\com\study\BoardApplication.class]
10:00:07.571 [Test worker] INFO org.springframework.boot.test.context.SpringBootTestContextBootstrapper - Found @SpringBootConfiguration com.study.BoardApplication for test class com.study.PostServiceTest
10:00:07.731 [Test worker] DEBUG org.springframework.boot.test.context.SpringBootTestContextBootstrapper - @TestExecutionListeners is not present for class [com.study.PostServiceTest]: using defaults.
10:00:07.732 [Test worker] INFO org.springframework.boot.test.context.SpringBootTestContextBootstrapper - Loaded default TestExecutionListener class names from location [META-INF/spring.factories]: [org.springframework.boot.test.autoconfigure.restdocs.RestDocsTestExecutionListener, org.springframework.boot.test.autoconfigure.web.client.MockRestServiceServerResetTestExecutionListener, org.springframework.boot.test.autoconfigure.web.servlet.MockMvcPrintOnlyOnFailureTestExecutionListener, org.springframework.boot.test.autoconfigure.web.servlet.WebDriverTestExecutionListener, org.springframework.boot.test.autoconfigure.webservices.client.MockWebServiceServerTestExecutionListener, org.springframework.boot.test.mock.mockito.MockitoTestExecutionListener, org.springframework.boot.test.mock.mockito.ResetMocksTestExecutionListener, org.springframework.test.context.web.ServletTestExecutionListener, org.springframework.test.context.support.DirtiesContextBeforeModesTestExecutionListener, org.springframework.test.context.event.ApplicationEventsTestExecutionListener, org.springframework.test.context.support.DependencyInjectionTestExecutionListener, org.springframework.test.context.support.DirtiesContextTestExecutionListener, org.springframework.test.context.transaction.TransactionalTestExecutionListener, org.springframework.test.context.jdbc.SqlScriptsTestExecutionListener, org.springframework.test.context.event.EventPublishingTestExecutionListener]
10:00:07.755 [Test worker] INFO org.springframework.boot.test.context.SpringBootTestContextBootstrapper - Using TestExecutionListeners: [org.springframework.test.context.web.ServletTestExecutionListener@1bc53649, org.springframework.test.context.support.DirtiesContextBeforeModesTestExecutionListener@88d6f9b, org.springframework.test.context.event.ApplicationEventsTestExecutionListener@47d93e0d, org.springframework.boot.test.mock.mockito.MockitoTestExecutionListener@475b7792, org.springframework.boot.test.autoconfigure.SpringBootDependencyInjectionTestExecutionListener@751e664e, org.springframework.test.context.support.DirtiesContextTestExecutionListener@160c3ec1, org.springframework.test.context.transaction.TransactionalTestExecutionListener@182b435b, org.springframework.test.context.jdbc.SqlScriptsTestExecutionListener@4d0402b, org.springframework.test.context.event.EventPublishingTestExecutionListener@2fa7ae9, org.springframework.boot.test.autoconfigure.restdocs.RestDocsTestExecutionListener@7577b641, org.springframework.boot.test.autoconfigure.web.client.MockRestServiceServerResetTestExecutionListener@3704122f, org.springframework.boot.test.autoconfigure.web.servlet.MockMvcPrintOnlyOnFailureTestExecutionListener@3153ddfc, org.springframework.boot.test.autoconfigure.web.servlet.WebDriverTestExecutionListener@60afd40d, org.springframework.boot.test.autoconfigure.webservices.client.MockWebServiceServerTestExecutionListener@28a2a3e7, org.springframework.boot.test.mock.mockito.ResetMocksTestExecutionListener@3f2049b6]
10:00:07.760 [Test worker] DEBUG org.springframework.test.context.support.AbstractDirtiesContextTestExecutionListener - Before test class: context [DefaultTestContext@18e8473e testClass = PostServiceTest, testInstance = [null], testMethod = [null], testException = [null], mergedContextConfiguration = [WebMergedContextConfiguration@5a2f016d testClass = PostServiceTest, locations = '{}', classes = '{class com.study.BoardApplication}', contextInitializerClasses = '[]', activeProfiles = '{}', propertySourceLocations = '{}', propertySourceProperties = '{org.springframework.boot.test.context.SpringBootTestContextBootstrapper=true}', contextCustomizers = set[org.springframework.boot.test.autoconfigure.actuate.metrics.MetricsExportContextCustomizerFactory$DisableMetricExportContextCustomizer@201b6b6f, org.springframework.boot.test.autoconfigure.properties.PropertyMappingContextCustomizer@0, org.springframework.boot.test.autoconfigure.web.servlet.WebDriverContextCustomizerFactory$Customizer@18230356, org.springframework.boot.test.context.filter.ExcludeFilterContextCustomizer@60d1a32f, org.springframework.boot.test.json.DuplicateJsonObjectContextCustomizerFactory$DuplicateJsonObjectContextCustomizer@40c80397, org.springframework.boot.test.mock.mockito.MockitoContextCustomizer@0, org.springframework.boot.test.web.client.TestRestTemplateContextCustomizer@47db5fa5, org.springframework.boot.test.context.SpringBootTestArgs@1, org.springframework.boot.test.context.SpringBootTestWebEnvironment@14f232c4], resourceBasePath = 'src/main/webapp', contextLoader = 'org.springframework.boot.test.context.SpringBootContextLoader', parent = [null]], attributes = map['org.springframework.test.context.web.ServletTestExecutionListener.activateListener' -> true]], class annotated with @DirtiesContext [false] with mode [null].

  .   ____          _            __ _ _
 /\\ / ___'_ __ _ _(_)_ __  __ _ \ \ \ \
( ( )\___ | '_ | '_| | '_ \/ _` | \ \ \ \
 \\/  ___)| |_)| | | | | || (_| |  ) ) ) )
  '  |____| .__|_| |_|_| |_\__, | / / / /
 =========|_|==============|___/=/_/_/_/
 :: Spring Boot ::                (v2.7.8)

2023-04-05 10:00:08.313  INFO 16172 --- [    Test worker] com.study.PostServiceTest                : Starting PostServiceTest using Java 11.0.15 on DESKTOP-7SA440R with PID 16172 (started by congs in C:\develop\workspace\Board)
2023-04-05 10:00:08.315  INFO 16172 --- [    Test worker] com.study.PostServiceTest                : No active profile set, falling back to 1 default profile: "default"
2023-04-05 10:00:09.384  INFO 16172 --- [    Test worker] .s.d.r.c.RepositoryConfigurationDelegate : Bootstrapping Spring Data JPA repositories in DEFAULT mode.
2023-04-05 10:00:09.410  INFO 16172 --- [    Test worker] .s.d.r.c.RepositoryConfigurationDelegate : Finished Spring Data repository scanning in 11 ms. Found 0 JPA repository interfaces.
2023-04-05 10:00:10.034  INFO 16172 --- [    Test worker] com.zaxxer.hikari.HikariDataSource       : HikariPool-1 - Starting...
2023-04-05 10:00:10.175  INFO 16172 --- [    Test worker] com.zaxxer.hikari.HikariDataSource       : HikariPool-1 - Start completed.
2023-04-05 10:00:10.488  INFO 16172 --- [    Test worker] o.hibernate.jpa.internal.util.LogHelper  : HHH000204: Processing PersistenceUnitInfo [name: default]
2023-04-05 10:00:10.577  INFO 16172 --- [    Test worker] org.hibernate.Version                    : HHH000412: Hibernate ORM core version 5.6.14.Final
2023-04-05 10:00:10.868  INFO 16172 --- [    Test worker] o.hibernate.annotations.common.Version   : HCANN000001: Hibernate Commons Annotations {5.1.2.Final}
2023-04-05 10:00:11.177  INFO 16172 --- [    Test worker] org.hibernate.dialect.Dialect            : HHH000400: Using dialect: org.hibernate.dialect.MariaDB106Dialect
2023-04-05 10:00:11.563  INFO 16172 --- [    Test worker] o.h.e.t.j.p.i.JtaPlatformInitiator       : HHH000490: Using JtaPlatform implementation: [org.hibernate.engine.transaction.jta.platform.internal.NoJtaPlatform]
2023-04-05 10:00:11.585  INFO 16172 --- [    Test worker] j.LocalContainerEntityManagerFactoryBean : Initialized JPA EntityManagerFactory for persistence unit 'default'
2023-04-05 10:00:12.403  WARN 16172 --- [    Test worker] JpaBaseConfiguration$JpaWebConfiguration : spring.jpa.open-in-view is enabled by default. Therefore, database queries may be performed during view rendering. Explicitly configure spring.jpa.open-in-view to disable this warning
2023-04-05 10:00:13.568  INFO 16172 --- [    Test worker] com.study.PostServiceTest                : Started PostServiceTest in 5.757 seconds (JVM running for 7.614)
생성된 게시글 ID : 4
]]></system-out>
  <system-err><![CDATA[]]></system-err>
</testsuite>
